
C:\_GIT\Universe.NUnitPipeline\Universe.NUnitPipeline.Tests>msbuild /t:Build /p:Configuration=Release /verbosity:quiet Universe.NUnitPipeline.Tests.csproj 
MSBuild version 17.10.4+10fbfbf2e for .NET Framework

C:\_GIT\Universe.NUnitPipeline\Universe.NUnitPipeline.Tests>nunit3-console-v3.18.exe --workers=3 --noheader --work=bin\Release\net48 bin\Release\net48\Universe.NUnitPipeline.Tests.dll 
Runtime Environment
   OS Version: Microsoft Windows NT 6.2.9200.0
   Runtime: .NET Framework CLR v4.0.30319.42000

Test Files
    bin\Release\net48\Universe.NUnitPipeline.Tests.dll

[DEBUG Action:OnStart] STAGE Start 'Test Counter=1': 1.1 [Universe, NUnitPipeline, Tests, TestsAsync, Test1Async_111_Milliseconds, Test1Async_111_Milliseconds("First")]
[DEBUG Pipeline.Action:OnStart] Invoke START Action 'Cpu Usage' for `Test Universe.NUnitPipeline.Tests.TestsAsync::Test1Async_111_Milliseconds("First")` (Test)
[DEBUG Pipeline.Action:OnStart] Invoke START Action 'Cpu Usage Visualizer' for `Test Universe.NUnitPipeline.Tests.TestsAsync::Test1Async_111_Milliseconds("First")` (Test)

→ 1.1 Universe.NUnitPipeline.Tests.TestsAsync::Test1Async_111_Milliseconds("First") is starting
[DEBUG Action:OnStart] STAGE Start 'Test Counter=2': 1.1 [Universe, NUnitPipeline, Tests, TestsAsync, Test1Async_111_Milliseconds, Test1Async_111_Milliseconds("First")]
SYNCHRONOUS Properties: 'Is First on Start' is [PrivateCounter {2}], 'Test Case Index' is [TestCaseIndex {1.1}], 'Index State' is [IndexState {1.1}], 'CpuUsageState' is [CpuUsageState {Finished: False}] (TID is 9)
A-SYNCHRONOUS Properties: 'Is First on Start' is [PrivateCounter {2}], 'Test Case Index' is [TestCaseIndex {1.1}], 'Index State' is [IndexState {1.1}], 'CpuUsageState' is [CpuUsageState {Finished: False}] (TID is 10)
[Test Cleaner] Enlisted dispose 'Delete CLASS.TMP (from test body)' for KEY='Class Universe.NUnitPipeline.Tests.TestsAsync'
[Test Cleaner] Postpone asynchronously 'Delete CLASS.ASYNC.TMP (from test body)' for KEY='Class Universe.NUnitPipeline.Tests.TestsAsync'
[Test Cleaner] Enlisted dispose 'Delete GLOBAL.TMP (from test body)' for KEY='Global'
[DEBUG Action:OnFinish] STAGE Finish 'Test Counter=1': 1.1 [Universe, NUnitPipeline, Tests, TestsAsync, Test1Async_111_Milliseconds, Test1Async_111_Milliseconds("First")]
[DEBUG Pipeline.Action:OnFinish] Invoke FINISH Action 'Cpu Usage' for `Test Universe.NUnitPipeline.Tests.TestsAsync::Test1Async_111_Milliseconds("First")` (Test)
[DEBUG Pipeline.Action:OnFinish] Invoke FINISH Action 'Cpu Usage Visualizer' for `Test Universe.NUnitPipeline.Tests.TestsAsync::Test1Async_111_Milliseconds("First")` (Test)
← 1.1 Universe.NUnitPipeline.Tests.TestsAsync::Test1Async_111_Milliseconds("First") >PASSED< in 132.0 milliseconds (cpu: 107%, 140.625 = 46.875 [user] + 93.750 [kernel])
[DEBUG Pipeline.Action:OnFinish] Invoke FINISH Action 'Dispose' for `Test Universe.NUnitPipeline.Tests.TestsAsync::Test1Async_111_Milliseconds("First")` (Test)
[DISPOSE] Starting Dispose 'Test Universe.NUnitPipeline.Tests.TestsAsync::Test1Async_111_Milliseconds("First")'. Actions: ""
[DEBUG Action:OnFinish] STAGE Finish 'Test Counter=2': 1.1 [Universe, NUnitPipeline, Tests, TestsAsync, Test1Async_111_Milliseconds, Test1Async_111_Milliseconds("First")]
[DEBUG Action:OnStart] STAGE Start 'Test Counter=1': 1.2 [Universe, NUnitPipeline, Tests, TestsAsync, Test2Async_777_Milliseconds, Test2Async_777_Milliseconds("First")]
[DEBUG Pipeline.Action:OnStart] Invoke START Action 'Cpu Usage' for `Test Universe.NUnitPipeline.Tests.TestsAsync::Test2Async_777_Milliseconds("First")` (Test)
[DEBUG Pipeline.Action:OnStart] Invoke START Action 'Cpu Usage Visualizer' for `Test Universe.NUnitPipeline.Tests.TestsAsync::Test2Async_777_Milliseconds("First")` (Test)

→ 1.2 Universe.NUnitPipeline.Tests.TestsAsync::Test2Async_777_Milliseconds("First") is starting
[DEBUG Action:OnStart] STAGE Start 'Test Counter=2': 1.2 [Universe, NUnitPipeline, Tests, TestsAsync, Test2Async_777_Milliseconds, Test2Async_777_Milliseconds("First")]
SYNCHRONOUS Properties: 'Is First on Start' is [PrivateCounter {2}], 'Test Case Index' is [TestCaseIndex {1.2}], 'Index State' is [IndexState {1.2}], 'CpuUsageState' is [CpuUsageState {Finished: False}] (TID is 9)
A-SYNCHRONOUS Properties: 'Is First on Start' is [PrivateCounter {2}], 'Test Case Index' is [TestCaseIndex {1.2}], 'Index State' is [IndexState {1.2}], 'CpuUsageState' is [CpuUsageState {Finished: False}] (TID is 10)
[Test Cleaner] Enlisted dispose 'Delete CLASS.TMP (from test body)' for KEY='Class Universe.NUnitPipeline.Tests.TestsAsync'
[Test Cleaner] Postpone asynchronously 'Delete CLASS.ASYNC.TMP (from test body)' for KEY='Class Universe.NUnitPipeline.Tests.TestsAsync'
[DEBUG Action:OnFinish] STAGE Finish 'Test Counter=1': 1.2 [Universe, NUnitPipeline, Tests, TestsAsync, Test2Async_777_Milliseconds, Test2Async_777_Milliseconds("First")]
[DEBUG Pipeline.Action:OnFinish] Invoke FINISH Action 'Cpu Usage' for `Test Universe.NUnitPipeline.Tests.TestsAsync::Test2Async_777_Milliseconds("First")` (Test)
[DEBUG Pipeline.Action:OnFinish] Invoke FINISH Action 'Cpu Usage Visualizer' for `Test Universe.NUnitPipeline.Tests.TestsAsync::Test2Async_777_Milliseconds("First")` (Test)
← 1.2 Universe.NUnitPipeline.Tests.TestsAsync::Test2Async_777_Milliseconds("First") >PASSED< in 778.1 milliseconds (cpu: 100%, 781.250 = 156.250 [user] + 625.000 [kernel])
[DEBUG Pipeline.Action:OnFinish] Invoke FINISH Action 'Dispose' for `Test Universe.NUnitPipeline.Tests.TestsAsync::Test2Async_777_Milliseconds("First")` (Test)
[DISPOSE] Starting Dispose 'Test Universe.NUnitPipeline.Tests.TestsAsync::Test2Async_777_Milliseconds("First")'. Actions: ""
[DEBUG Action:OnFinish] STAGE Finish 'Test Counter=2': 1.2 [Universe, NUnitPipeline, Tests, TestsAsync, Test2Async_777_Milliseconds, Test2Async_777_Milliseconds("First")]
[DEBUG Action:OnStart] STAGE Start 'Test Counter=1': 1.3 [Universe, NUnitPipeline, Tests, TestsAsync, Test2Async_777_Milliseconds, Test2Async_777_Milliseconds("Next")]
[DEBUG Pipeline.Action:OnStart] Invoke START Action 'Cpu Usage' for `Test Universe.NUnitPipeline.Tests.TestsAsync::Test2Async_777_Milliseconds("Next")` (Test)
[DEBUG Pipeline.Action:OnStart] Invoke START Action 'Cpu Usage Visualizer' for `Test Universe.NUnitPipeline.Tests.TestsAsync::Test2Async_777_Milliseconds("Next")` (Test)

→ 1.3 Universe.NUnitPipeline.Tests.TestsAsync::Test2Async_777_Milliseconds("Next") is starting
[DEBUG Action:OnStart] STAGE Start 'Test Counter=2': 1.3 [Universe, NUnitPipeline, Tests, TestsAsync, Test2Async_777_Milliseconds, Test2Async_777_Milliseconds("Next")]
SYNCHRONOUS Properties: 'Is First on Start' is [PrivateCounter {2}], 'Test Case Index' is [TestCaseIndex {1.3}], 'Index State' is [IndexState {1.3}], 'CpuUsageState' is [CpuUsageState {Finished: False}] (TID is 9)
A-SYNCHRONOUS Properties: 'Is First on Start' is [PrivateCounter {2}], 'Test Case Index' is [TestCaseIndex {1.3}], 'Index State' is [IndexState {1.3}], 'CpuUsageState' is [CpuUsageState {Finished: False}] (TID is 10)
[Test Cleaner] Enlisted dispose 'Delete CLASS.TMP (from test body)' for KEY='Class Universe.NUnitPipeline.Tests.TestsAsync'
[Test Cleaner] Postpone asynchronously 'Delete CLASS.ASYNC.TMP (from test body)' for KEY='Class Universe.NUnitPipeline.Tests.TestsAsync'
[DEBUG Action:OnFinish] STAGE Finish 'Test Counter=1': 1.3 [Universe, NUnitPipeline, Tests, TestsAsync, Test2Async_777_Milliseconds, Test2Async_777_Milliseconds("Next")]
[DEBUG Pipeline.Action:OnFinish] Invoke FINISH Action 'Cpu Usage' for `Test Universe.NUnitPipeline.Tests.TestsAsync::Test2Async_777_Milliseconds("Next")` (Test)
[DEBUG Pipeline.Action:OnFinish] Invoke FINISH Action 'Cpu Usage Visualizer' for `Test Universe.NUnitPipeline.Tests.TestsAsync::Test2Async_777_Milliseconds("Next")` (Test)
← 1.3 Universe.NUnitPipeline.Tests.TestsAsync::Test2Async_777_Milliseconds("Next") >PASSED< in 777.3 milliseconds (cpu: 101%, 781.250 = 125.000 [user] + 656.250 [kernel])
[DEBUG Pipeline.Action:OnFinish] Invoke FINISH Action 'Dispose' for `Test Universe.NUnitPipeline.Tests.TestsAsync::Test2Async_777_Milliseconds("Next")` (Test)
[DISPOSE] Starting Dispose 'Test Universe.NUnitPipeline.Tests.TestsAsync::Test2Async_777_Milliseconds("Next")'. Actions: ""
[DEBUG Action:OnFinish] STAGE Finish 'Test Counter=2': 1.3 [Universe, NUnitPipeline, Tests, TestsAsync, Test2Async_777_Milliseconds, Test2Async_777_Milliseconds("Next")]
[DEBUG Action:OnStart] STAGE Start 'Fixture Counter=1': 1 [Universe, NUnitPipeline, Tests, TestsAsync]
[DEBUG Pipeline.Action:OnStart] Invoke START Action 'Cpu Usage' for `Class Universe.NUnitPipeline.Tests.TestsAsync` (Fixture)
[DEBUG Pipeline.Action:OnStart] Invoke START Action 'Cpu Usage Visualizer' for `Class Universe.NUnitPipeline.Tests.TestsAsync` (Fixture)
[DEBUG Action:OnFinish] STAGE Finish 'Fixture Counter=1': 1 [Universe, NUnitPipeline, Tests, TestsAsync]
[DEBUG Pipeline.Action:OnFinish] Invoke FINISH Action 'Cpu Usage' for `Class Universe.NUnitPipeline.Tests.TestsAsync` (Fixture)
[DEBUG Pipeline.Action:OnFinish] Invoke FINISH Action 'Cpu Usage Visualizer' for `Class Universe.NUnitPipeline.Tests.TestsAsync` (Fixture)
[DEBUG Pipeline.Action:OnFinish] Invoke FINISH Action 'Dispose' for `Class Universe.NUnitPipeline.Tests.TestsAsync` (Fixture)
[DISPOSE] Starting Dispose 'Class Universe.NUnitPipeline.Tests.TestsAsync'. Actions: "6"
[Dispose for Class 1.1 Universe.NUnitPipeline.Tests.TestsAsync::Test1Async_111_Milliseconds("First")] 'Delete CLASS.TMP (from test body)' success (took 0.0 milliseconds)
[Dispose for Class 1.2 Universe.NUnitPipeline.Tests.TestsAsync::Test2Async_777_Milliseconds("First")] 'Delete CLASS.TMP (from test body)' success (took 0.0 milliseconds)
[Dispose for Class 1.3 Universe.NUnitPipeline.Tests.TestsAsync::Test2Async_777_Milliseconds("Next")] 'Delete CLASS.TMP (from test body)' success (took 0.0 milliseconds)
[Dispose for Class 1.2 Universe.NUnitPipeline.Tests.TestsAsync::Test2Async_777_Milliseconds("First") asynchronously] 'Delete CLASS.ASYNC.TMP (from test body)' success (took 0.0 milliseconds)
[Dispose for Class 1.3 Universe.NUnitPipeline.Tests.TestsAsync::Test2Async_777_Milliseconds("Next") asynchronously] 'Delete CLASS.ASYNC.TMP (from test body)' success (took 0.0 milliseconds)
[Dispose for Class 1.1 Universe.NUnitPipeline.Tests.TestsAsync::Test1Async_111_Milliseconds("First") asynchronously] 'Delete CLASS.ASYNC.TMP (from test body)' success (took 0.0 milliseconds)
[DEBUG Action:OnStart] STAGE Start 'Test Counter=1': 2.1 [Universe, NUnitPipeline, Tests, TestShell, ShowInfo]
[DEBUG Pipeline.Action:OnStart] Invoke START Action 'Cpu Usage' for `Test Universe.NUnitPipeline.Tests.TestShell::ShowInfo` (Test)
[DEBUG Pipeline.Action:OnStart] Invoke START Action 'Cpu Usage Visualizer' for `Test Universe.NUnitPipeline.Tests.TestShell::ShowInfo` (Test)

→ 2.1 Universe.NUnitPipeline.Tests.TestShell::ShowInfo is starting
[DEBUG Action:OnStart] STAGE Start 'Test Counter=2': 2.1 [Universe, NUnitPipeline, Tests, TestShell, ShowInfo]
PROCESS: System.Diagnostics.Process (nunit-agent)
[DEBUG Action:OnFinish] STAGE Finish 'Test Counter=1': 2.1 [Universe, NUnitPipeline, Tests, TestShell, ShowInfo]
[DEBUG Pipeline.Action:OnFinish] Invoke FINISH Action 'Cpu Usage' for `Test Universe.NUnitPipeline.Tests.TestShell::ShowInfo` (Test)
[DEBUG Pipeline.Action:OnFinish] Invoke FINISH Action 'Cpu Usage Visualizer' for `Test Universe.NUnitPipeline.Tests.TestShell::ShowInfo` (Test)
← 2.1 Universe.NUnitPipeline.Tests.TestShell::ShowInfo >PASSED< in 14.26 milliseconds (cpu: 110%, 15.625 = 0.000 [user] + 15.625 [kernel])
[DEBUG Pipeline.Action:OnFinish] Invoke FINISH Action 'Dispose' for `Test Universe.NUnitPipeline.Tests.TestShell::ShowInfo` (Test)
[DISPOSE] Starting Dispose 'Test Universe.NUnitPipeline.Tests.TestShell::ShowInfo'. Actions: ""
[DEBUG Action:OnFinish] STAGE Finish 'Test Counter=2': 2.1 [Universe, NUnitPipeline, Tests, TestShell, ShowInfo]
[DEBUG Action:OnStart] STAGE Start 'Fixture Counter=1': 2 [Universe, NUnitPipeline, Tests, TestShell]
[DEBUG Pipeline.Action:OnStart] Invoke START Action 'Cpu Usage' for `Class Universe.NUnitPipeline.Tests.TestShell` (Fixture)
[DEBUG Pipeline.Action:OnStart] Invoke START Action 'Cpu Usage Visualizer' for `Class Universe.NUnitPipeline.Tests.TestShell` (Fixture)
[DEBUG Action:OnFinish] STAGE Finish 'Fixture Counter=1': 2 [Universe, NUnitPipeline, Tests, TestShell]
[DEBUG Pipeline.Action:OnFinish] Invoke FINISH Action 'Cpu Usage' for `Class Universe.NUnitPipeline.Tests.TestShell` (Fixture)
[DEBUG Pipeline.Action:OnFinish] Invoke FINISH Action 'Cpu Usage Visualizer' for `Class Universe.NUnitPipeline.Tests.TestShell` (Fixture)
[DEBUG Pipeline.Action:OnFinish] Invoke FINISH Action 'Dispose' for `Class Universe.NUnitPipeline.Tests.TestShell` (Fixture)
[DISPOSE] Starting Dispose 'Class Universe.NUnitPipeline.Tests.TestShell'. Actions: ""
[DEBUG Action:OnStart] STAGE Start 'Test Counter=1': 3.1 [Universe, NUnitPipeline, Tests, TestsSync, FormatElapsedTest]
[DEBUG Pipeline.Action:OnStart] Invoke START Action 'Cpu Usage' for `Test Universe.NUnitPipeline.Tests.TestsSync::FormatElapsedTest` (Test)
[DEBUG Pipeline.Action:OnStart] Invoke START Action 'Cpu Usage Visualizer' for `Test Universe.NUnitPipeline.Tests.TestsSync::FormatElapsedTest` (Test)

→ 3.1 Universe.NUnitPipeline.Tests.TestsSync::FormatElapsedTest is starting
[DEBUG Action:OnStart] STAGE Start 'Test Counter=2': 3.1 [Universe, NUnitPipeline, Tests, TestsSync, FormatElapsedTest]
[Test Cleaner] Enlisted dispose "Delete CLASS.Temp (from test's *SetUp*)" for KEY='Class Universe.NUnitPipeline.Tests.TestsSync'
SYNCHRONOUS Properties: 'Is First on Start' is [PrivateCounter {2}], 'Test Case Index' is [TestCaseIndex {3.1}], 'Index State' is [IndexState {3.1}], 'CpuUsageState' is [CpuUsageState {Finished: False}] (TID is 9)
TIMESPAN 7.15:20:34.5680000 --> "7.15:20:34.5"
TIMESPAN 15:20:34.5680000 --> "15:20:34.5"
TIMESPAN 01:20:34.5680000 --> "01:20:34.5"
TIMESPAN 00:52:03 --> "00:52:03.0"
TIMESPAN 00:12:03 --> "12:03.0"
TIMESPAN 00:02:03.4000000 --> "02:03.4"
TIMESPAN 00:00:02.3450000 --> "2,345.0 milliseconds"
TIMESPAN 00:00:00.1230000 --> "123.0 milliseconds"
TIMESPAN 00:00:00.0120000 --> "12.00 milliseconds"
[Test Cleaner] Postpone asynchronously 'ASYNC Delete File AsyncTemporary.Temp (from test body)' for KEY='Test Universe.NUnitPipeline.Tests.TestsSync::FormatElapsedTest'
[Test Cleaner] Postpone asynchronously 'Delete File GlobalAsyncTemporary.Temp (from test body)' for KEY='Global'
[Test Cleaner] Enlisted dispose "Delete File GLOBAL.Temp (from test's *TearDown*)" for KEY='Global'
[Test Cleaner] Enlisted dispose "Delete File CLASS.Temp (from test's *TearDown*)" for KEY='Class Universe.NUnitPipeline.Tests.TestsSync'
[Test Cleaner] Enlisted dispose "Delete File TEST.Temp (from test's *TearDown*)" for KEY='Test Universe.NUnitPipeline.Tests.TestsSync::FormatElapsedTest'
[DEBUG Action:OnFinish] STAGE Finish 'Test Counter=1': 3.1 [Universe, NUnitPipeline, Tests, TestsSync, FormatElapsedTest]
[DEBUG Pipeline.Action:OnFinish] Invoke FINISH Action 'Cpu Usage' for `Test Universe.NUnitPipeline.Tests.TestsSync::FormatElapsedTest` (Test)
[DEBUG Pipeline.Action:OnFinish] Invoke FINISH Action 'Cpu Usage Visualizer' for `Test Universe.NUnitPipeline.Tests.TestsSync::FormatElapsedTest` (Test)
← 3.1 Universe.NUnitPipeline.Tests.TestsSync::FormatElapsedTest >PASSED< in 2.00 milliseconds (cpu: 0%, 0.000 = 0.000 [user] + 0.000 [kernel])
[DEBUG Pipeline.Action:OnFinish] Invoke FINISH Action 'Dispose' for `Test Universe.NUnitPipeline.Tests.TestsSync::FormatElapsedTest` (Test)
[DISPOSE] Starting Dispose 'Test Universe.NUnitPipeline.Tests.TestsSync::FormatElapsedTest'. Actions: "2"
[Dispose for 3.1 Universe.NUnitPipeline.Tests.TestsSync::FormatElapsedTest] "Delete File TEST.Temp (from test's *TearDown*)" success (took 0.0 milliseconds)
[DEBUG Action:OnFinish] STAGE Finish 'Test Counter=2': 3.1 [Universe, NUnitPipeline, Tests, TestsSync, FormatElapsedTest]
[DEBUG Action:OnStart] STAGE Start 'Test Counter=1': 3.2 [Universe, NUnitPipeline, Tests, TestsSync, Test1, Test1("First 222 milliseconds")]
[DEBUG Pipeline.Action:OnStart] Invoke START Action 'Cpu Usage' for `Test Universe.NUnitPipeline.Tests.TestsSync::Test1("First 222 milliseconds")` (Test)
[DEBUG Pipeline.Action:OnStart] Invoke START Action 'Cpu Usage Visualizer' for `Test Universe.NUnitPipeline.Tests.TestsSync::Test1("First 222 milliseconds")` (Test)

→ 3.2 Universe.NUnitPipeline.Tests.TestsSync::Test1("First 222 milliseconds") is starting
[DEBUG Action:OnStart] STAGE Start 'Test Counter=2': 3.2 [Universe, NUnitPipeline, Tests, TestsSync, Test1, Test1("First 222 milliseconds")]
[Test Cleaner] Enlisted dispose "Delete CLASS.Temp (from test's *SetUp*)" for KEY='Class Universe.NUnitPipeline.Tests.TestsSync'
[Test Cleaner] Enlisted dispose "Delete File '::Temporary.Temp' (from test body)" for KEY='Global'
SYNCHRONOUS Properties: 'Is First on Start' is [PrivateCounter {2}], 'Test Case Index' is [TestCaseIndex {3.2}], 'Index State' is [IndexState {3.2}], 'CpuUsageState' is [CpuUsageState {Finished: False}] (TID is 9)
[Test Cleaner] Enlisted dispose 'Delete File TestCase.Temp (from test body)' for KEY='Test Universe.NUnitPipeline.Tests.TestsSync::Test1("First 222 milliseconds")'
[Test Cleaner] Enlisted dispose "Delete File GLOBAL.Temp (from test's *TearDown*)" for KEY='Global'
[Test Cleaner] Enlisted dispose "Delete File CLASS.Temp (from test's *TearDown*)" for KEY='Class Universe.NUnitPipeline.Tests.TestsSync'
[Test Cleaner] Enlisted dispose "Delete File TEST.Temp (from test's *TearDown*)" for KEY='Test Universe.NUnitPipeline.Tests.TestsSync::Test1("First 222 milliseconds")'
[DEBUG Action:OnFinish] STAGE Finish 'Test Counter=1': 3.2 [Universe, NUnitPipeline, Tests, TestsSync, Test1, Test1("First 222 milliseconds")]
[DEBUG Pipeline.Action:OnFinish] Invoke FINISH Action 'Cpu Usage' for `Test Universe.NUnitPipeline.Tests.TestsSync::Test1("First 222 milliseconds")` (Test)
[DEBUG Pipeline.Action:OnFinish] Invoke FINISH Action 'Cpu Usage Visualizer' for `Test Universe.NUnitPipeline.Tests.TestsSync::Test1("First 222 milliseconds")` (Test)
← 3.2 Universe.NUnitPipeline.Tests.TestsSync::Test1("First 222 milliseconds") >PASSED< in 222.5 milliseconds (cpu: 98%, 218.750 = 78.125 [user] + 140.625 [kernel])
[DEBUG Pipeline.Action:OnFinish] Invoke FINISH Action 'Dispose' for `Test Universe.NUnitPipeline.Tests.TestsSync::Test1("First 222 milliseconds")` (Test)
[DISPOSE] Starting Dispose 'Test Universe.NUnitPipeline.Tests.TestsSync::Test1("First 222 milliseconds")'. Actions: "2"
[Dispose for 3.2 Universe.NUnitPipeline.Tests.TestsSync::Test1("First 222 milliseconds")] 'Delete File TestCase.Temp (from test body)' success (took 0.2 milliseconds)
[Dispose for 3.2 Universe.NUnitPipeline.Tests.TestsSync::Test1("First 222 milliseconds")] "Delete File TEST.Temp (from test's *TearDown*)" success (took 0.0 milliseconds)
[DEBUG Action:OnFinish] STAGE Finish 'Test Counter=2': 3.2 [Universe, NUnitPipeline, Tests, TestsSync, Test1, Test1("First 222 milliseconds")]
[DEBUG Action:OnStart] STAGE Start 'Test Counter=1': 3.3 [Universe, NUnitPipeline, Tests, TestsSync, Test1, Test1("Next 222 milliseconds")]
[DEBUG Pipeline.Action:OnStart] Invoke START Action 'Cpu Usage' for `Test Universe.NUnitPipeline.Tests.TestsSync::Test1("Next 222 milliseconds")` (Test)
[DEBUG Pipeline.Action:OnStart] Invoke START Action 'Cpu Usage Visualizer' for `Test Universe.NUnitPipeline.Tests.TestsSync::Test1("Next 222 milliseconds")` (Test)

→ 3.3 Universe.NUnitPipeline.Tests.TestsSync::Test1("Next 222 milliseconds") is starting
[DEBUG Action:OnStart] STAGE Start 'Test Counter=2': 3.3 [Universe, NUnitPipeline, Tests, TestsSync, Test1, Test1("Next 222 milliseconds")]
[Test Cleaner] Enlisted dispose "Delete CLASS.Temp (from test's *SetUp*)" for KEY='Class Universe.NUnitPipeline.Tests.TestsSync'
[Test Cleaner] Enlisted dispose "Delete File '::Temporary.Temp' (from test body)" for KEY='Global'
SYNCHRONOUS Properties: 'Is First on Start' is [PrivateCounter {2}], 'Test Case Index' is [TestCaseIndex {3.3}], 'Index State' is [IndexState {3.3}], 'CpuUsageState' is [CpuUsageState {Finished: False}] (TID is 9)
[Test Cleaner] Enlisted dispose 'Delete File TestCase.Temp (from test body)' for KEY='Test Universe.NUnitPipeline.Tests.TestsSync::Test1("Next 222 milliseconds")'
[Test Cleaner] Enlisted dispose "Delete File GLOBAL.Temp (from test's *TearDown*)" for KEY='Global'
[Test Cleaner] Enlisted dispose "Delete File CLASS.Temp (from test's *TearDown*)" for KEY='Class Universe.NUnitPipeline.Tests.TestsSync'
[Test Cleaner] Enlisted dispose "Delete File TEST.Temp (from test's *TearDown*)" for KEY='Test Universe.NUnitPipeline.Tests.TestsSync::Test1("Next 222 milliseconds")'
[DEBUG Action:OnFinish] STAGE Finish 'Test Counter=1': 3.3 [Universe, NUnitPipeline, Tests, TestsSync, Test1, Test1("Next 222 milliseconds")]
[DEBUG Pipeline.Action:OnFinish] Invoke FINISH Action 'Cpu Usage' for `Test Universe.NUnitPipeline.Tests.TestsSync::Test1("Next 222 milliseconds")` (Test)
[DEBUG Pipeline.Action:OnFinish] Invoke FINISH Action 'Cpu Usage Visualizer' for `Test Universe.NUnitPipeline.Tests.TestsSync::Test1("Next 222 milliseconds")` (Test)
← 3.3 Universe.NUnitPipeline.Tests.TestsSync::Test1("Next 222 milliseconds") >PASSED< in 222.2 milliseconds (cpu: 105%, 234.375 = 46.875 [user] + 187.500 [kernel])
[DEBUG Pipeline.Action:OnFinish] Invoke FINISH Action 'Dispose' for `Test Universe.NUnitPipeline.Tests.TestsSync::Test1("Next 222 milliseconds")` (Test)
[DISPOSE] Starting Dispose 'Test Universe.NUnitPipeline.Tests.TestsSync::Test1("Next 222 milliseconds")'. Actions: "2"
[Dispose for 3.3 Universe.NUnitPipeline.Tests.TestsSync::Test1("Next 222 milliseconds")] 'Delete File TestCase.Temp (from test body)' success (took 0.1 milliseconds)
[Dispose for 3.3 Universe.NUnitPipeline.Tests.TestsSync::Test1("Next 222 milliseconds")] "Delete File TEST.Temp (from test's *TearDown*)" success (took 0.0 milliseconds)
[DEBUG Action:OnFinish] STAGE Finish 'Test Counter=2': 3.3 [Universe, NUnitPipeline, Tests, TestsSync, Test1, Test1("Next 222 milliseconds")]
[Test Cleaner] Enlisted dispose "Delete GLOBAL.Temp (from test's *OneTimeSetUp*)" for KEY='Global'
[Test Cleaner] Enlisted dispose "Delete TEST➛CLASS.Temp (from test's *OneTimeSetUp*)" for KEY='Class Universe.NUnitPipeline.Tests.TestsSync'
WHATS UP. I'm OneTimeSetUp that runs before any test
[DEBUG Action:OnStart] STAGE Start 'Fixture Counter=1': 3 [Universe, NUnitPipeline, Tests, TestsSync]
[DEBUG Pipeline.Action:OnStart] Invoke START Action 'Cpu Usage' for `Class Universe.NUnitPipeline.Tests.TestsSync` (Fixture)
[DEBUG Pipeline.Action:OnStart] Invoke START Action 'Cpu Usage Visualizer' for `Class Universe.NUnitPipeline.Tests.TestsSync` (Fixture)
[DEBUG Action:OnFinish] STAGE Finish 'Fixture Counter=1': 3 [Universe, NUnitPipeline, Tests, TestsSync]
[DEBUG Pipeline.Action:OnFinish] Invoke FINISH Action 'Cpu Usage' for `Class Universe.NUnitPipeline.Tests.TestsSync` (Fixture)
[DEBUG Pipeline.Action:OnFinish] Invoke FINISH Action 'Cpu Usage Visualizer' for `Class Universe.NUnitPipeline.Tests.TestsSync` (Fixture)
[DEBUG Pipeline.Action:OnFinish] Invoke FINISH Action 'Dispose' for `Class Universe.NUnitPipeline.Tests.TestsSync` (Fixture)
[DISPOSE] Starting Dispose 'Class Universe.NUnitPipeline.Tests.TestsSync'. Actions: "7"
[Dispose for Class Universe.NUnitPipeline.Tests.TestsSync] "Delete TEST➛CLASS.Temp (from test's *OneTimeSetUp*)" success (took 0.1 milliseconds)
[Dispose for Class 3.1 Universe.NUnitPipeline.Tests.TestsSync::FormatElapsedTest] "Delete CLASS.Temp (from test's *SetUp*)" success (took 0.1 milliseconds)
[Dispose for Class 3.1 Universe.NUnitPipeline.Tests.TestsSync::FormatElapsedTest] "Delete File CLASS.Temp (from test's *TearDown*)" success (took 0.0 milliseconds)
[Dispose for Class 3.2 Universe.NUnitPipeline.Tests.TestsSync::Test1("First 222 milliseconds")] "Delete CLASS.Temp (from test's *SetUp*)" success (took 0.0 milliseconds)
[Dispose for Class 3.2 Universe.NUnitPipeline.Tests.TestsSync::Test1("First 222 milliseconds")] "Delete File CLASS.Temp (from test's *TearDown*)" success (took 0.0 milliseconds)
[Dispose for Class 3.3 Universe.NUnitPipeline.Tests.TestsSync::Test1("Next 222 milliseconds")] "Delete CLASS.Temp (from test's *SetUp*)" success (took 0.0 milliseconds)
[Dispose for Class 3.3 Universe.NUnitPipeline.Tests.TestsSync::Test1("Next 222 milliseconds")] "Delete File CLASS.Temp (from test's *TearDown*)" success (took 0.0 milliseconds)
[Test Cleaner] Enlisted dispose "Delete File GLOBAL.Temp (from test's *OneTimeTearDown*)" for KEY='Global'
[Test Cleaner] Enlisted dispose "Delete File CLASS.Temp (from test's *OneTimeTearDown*)" for KEY='Class Universe.NUnitPipeline.Tests.TestsSync'
[Test Cleaner] Enlisted dispose "Delete File TEST➛CLASS.Temp (from test's *OneTimeTearDown*)" for KEY='Class Universe.NUnitPipeline.Tests.TestsSync'
[DEBUG Action:OnStart] STAGE Start 'Assembly Counter=1':  [Universe.NUnitPipeline.Tests.dll]
[DEBUG Action:OnFinish] STAGE Finish 'Assembly Counter=1':  [Universe.NUnitPipeline.Tests.dll]
[DEBUG Pipeline.Action:OnFinish] Invoke FINISH Action 'Cpu Usage' for `Global` (Assembly)
[DEBUG Pipeline.Action:OnFinish] Invoke FINISH Action 'Cpu Usage Visualizer' for `Global` (Assembly)
[DEBUG Pipeline.Action:OnFinish] Invoke FINISH Action 'Dispose' for `Global` (Assembly)
[DISPOSE] Starting Dispose 'Global'. Actions: "9"

[Dispose] Starting Global Dispose
[Dispose for 1.1 Universe.NUnitPipeline.Tests.TestsAsync::Test1Async_111_Milliseconds("First")] 'Delete GLOBAL.TMP (from test body)' success (took 0.1 milliseconds)
[Dispose for Universe.NUnitPipeline.Tests.TestsSync] "Delete GLOBAL.Temp (from test's *OneTimeSetUp*)" success (took 0.0 milliseconds)
[Dispose for 3.1 Universe.NUnitPipeline.Tests.TestsSync::FormatElapsedTest] "Delete File GLOBAL.Temp (from test's *TearDown*)" success (took 0.0 milliseconds)
[Dispose for 3.1 Universe.NUnitPipeline.Tests.TestsSync::FormatElapsedTest asynchronously] 'Delete File GlobalAsyncTemporary.Temp (from test body)' success (took 0.1 milliseconds)
[Dispose for 3.2 Universe.NUnitPipeline.Tests.TestsSync::Test1("First 222 milliseconds")] "Delete File '::Temporary.Temp' (from test body)" failed (took 0.3 milliseconds)
System.NotSupportedException: The given path's format is not supported.
   at System.Security.Permissions.FileIOPermission.EmulateFileIOPermissionChecks(String fullPath)
   at System.Security.Permissions.FileIOPermission.QuickDemand(FileIOPermissionAccess access, String fullPath, Boolean checkForDuplicates, Boolean needFullPath)
   at System.IO.File.InternalDelete(String path, Boolean checkHost)
   at Universe.NUnitPipeline.TestCleaner.<>c__DisplayClass0_0.<OnDispose>b__0() in C:\_GIT\Universe.NUnitPipeline\Universe.NUnitPipeline\TestCleaner.cs:line 81
[Dispose for 3.2 Universe.NUnitPipeline.Tests.TestsSync::Test1("First 222 milliseconds")] "Delete File GLOBAL.Temp (from test's *TearDown*)" success (took 0.0 milliseconds)
[Dispose for 3.3 Universe.NUnitPipeline.Tests.TestsSync::Test1("Next 222 milliseconds")] "Delete File '::Temporary.Temp' (from test body)" failed (took 0.1 milliseconds)
System.NotSupportedException: The given path's format is not supported.
   at System.Security.Permissions.FileIOPermission.EmulateFileIOPermissionChecks(String fullPath)
   at System.Security.Permissions.FileIOPermission.QuickDemand(FileIOPermissionAccess access, String fullPath, Boolean checkForDuplicates, Boolean needFullPath)
   at System.IO.File.InternalDelete(String path, Boolean checkHost)
   at Universe.NUnitPipeline.TestCleaner.<>c__DisplayClass0_0.<OnDispose>b__0() in C:\_GIT\Universe.NUnitPipeline\Universe.NUnitPipeline\TestCleaner.cs:line 81
[Dispose for 3.3 Universe.NUnitPipeline.Tests.TestsSync::Test1("Next 222 milliseconds")] "Delete File GLOBAL.Temp (from test's *TearDown*)" success (took 0.0 milliseconds)
[Dispose for 3 Universe.NUnitPipeline.Tests.TestsSync] "Delete File GLOBAL.Temp (from test's *OneTimeTearDown*)" success (took 0.0 milliseconds)
[Dispose Global] Completed in 53.0 milliseconds
[Global Dispose] All the 5 async cleaner(s) is (are) finished

Tests Not Run

1) Explicit : Universe.NUnitPipeline.Tests.TestsAsync.AsyncException

2) Explicit : Universe.NUnitPipeline.Tests.TestsAsync.AsyncFail

3) Explicit : Universe.NUnitPipeline.Tests.TestsSync.SimpleException

4) Explicit : Universe.NUnitPipeline.Tests.TestsSync.SimpleFail

Run Settings
    DisposeRunners: True
    WorkDirectory: bin\Release\net48
    NumberOfTestWorkers: 3
    ImageRuntimeVersion: 4.0.30319
    ImageTargetFrameworkName: .NETFramework,Version=v4.8
    ImageRequiresX86: False
    ImageRequiresDefaultAppDomainAssemblyResolver: False
    TargetRuntimeFramework: net-4.8

Test Run Summary
  Overall result: Passed
  Test Count: 11, Passed: 7, Failed: 0, Warnings: 0, Inconclusive: 0, Skipped: 4
    Skipped Tests - Ignored: 0, Explicit: 4, Other: 0
  Start time: 2024-10-26 17:49:19Z
    End time: 2024-10-26 17:49:21Z
    Duration: 2.698 seconds

Results (nunit3) saved as TestResult.xml
